2018-12-19 14:06:30.797  INFO 35616 --- [main] .b.s.Springboot03LoggingApplicationTests : Starting Springboot03LoggingApplicationTests on SC-201609232148 with PID 35616 (started by Bob in F:\Springboot\SpringBootDemo\springboot_03_logging)
2018-12-19 14:06:30.800 DEBUG 35616 --- [main] .b.s.Springboot03LoggingApplicationTests : Running with Spring Boot v2.1.1.RELEASE, Spring v5.1.3.RELEASE
2018-12-19 14:06:30.810  INFO 35616 --- [main] .b.s.Springboot03LoggingApplicationTests : No active profile set, falling back to default profiles: default
2018-12-19 14:06:34.653  INFO 35616 --- [main] o.s.s.concurrent.ThreadPoolTaskExecutor  : Initializing ExecutorService 'applicationTaskExecutor'
2018-12-19 14:06:35.145  INFO 35616 --- [main] .b.s.Springboot03LoggingApplicationTests : Started Springboot03LoggingApplicationTests in 5.224 seconds (JVM running for 7.379)
2018-12-19 14:06:35.473 TRACE 35616 --- [main] .b.s.Springboot03LoggingApplicationTests : 这是trace日志
2018-12-19 14:06:35.474 DEBUG 35616 --- [main] .b.s.Springboot03LoggingApplicationTests : 这是debug日志
2018-12-19 14:06:35.475  INFO 35616 --- [main] .b.s.Springboot03LoggingApplicationTests : 这是Info日志
2018-12-19 14:06:35.475  WARN 35616 --- [main] .b.s.Springboot03LoggingApplicationTests : 这是warn日志
2018-12-19 14:06:35.476 ERROR 35616 --- [main] .b.s.Springboot03LoggingApplicationTests : 这是error日志
2018-12-19 14:06:35.491  INFO 35616 --- [Thread-2] o.s.s.concurrent.ThreadPoolTaskExecutor  : Shutting down ExecutorService 'applicationTaskExecutor'
2018-12-19 14:08:41.913 === [main] INFO  c.b.springboot.Springboot03LoggingApplicationTests - Starting Springboot03LoggingApplicationTests on SC-201609232148 with PID 23240 (started by Bob in F:\Springboot\SpringBootDemo\springboot_03_logging)
2018-12-19 14:08:41.916 === [main] DEBUG c.b.springboot.Springboot03LoggingApplicationTests - Running with Spring Boot v2.1.1.RELEASE, Spring v5.1.3.RELEASE
2018-12-19 14:08:41.927 === [main] INFO  c.b.springboot.Springboot03LoggingApplicationTests - No active profile set, falling back to default profiles: default
2018-12-19 14:08:44.892 === [main] INFO  o.s.scheduling.concurrent.ThreadPoolTaskExecutor - Initializing ExecutorService 'applicationTaskExecutor'
2018-12-19 14:08:45.421 === [main] INFO  c.b.springboot.Springboot03LoggingApplicationTests - Started Springboot03LoggingApplicationTests in 4.327 seconds (JVM running for 6.218)
2018-12-19 14:08:45.714 === [main] TRACE c.b.springboot.Springboot03LoggingApplicationTests - 这是trace日志
2018-12-19 14:08:45.715 === [main] DEBUG c.b.springboot.Springboot03LoggingApplicationTests - 这是debug日志
2018-12-19 14:08:45.715 === [main] INFO  c.b.springboot.Springboot03LoggingApplicationTests - 这是Info日志
2018-12-19 14:08:45.716 === [main] WARN  c.b.springboot.Springboot03LoggingApplicationTests - 这是warn日志
2018-12-19 14:08:45.716 === [main] ERROR c.b.springboot.Springboot03LoggingApplicationTests - 这是error日志
2018-12-19 14:08:45.727 === [Thread-2] INFO  o.s.scheduling.concurrent.ThreadPoolTaskExecutor - Shutting down ExecutorService 'applicationTaskExecutor'
